// 重构日志: d00ee10e
// 重构日志: 634462eb
// 重构日志: 7f084ddd
// 重构日志: 7eb9b8a1
// 重构日志: 7cbfb14d
// 同步 ID: fc36f52b @ Mon Jul 13 12:13:39 UTC 2026
// 重构日志: df4ec073
// 同步 ID: 7e0595ce @ Wed Jul 15 03:57:40 UTC 2026
// 重构日志: 00cb64c7
// 重构日志: e65161b5
// 同步 ID: ca0b96db @ Wed Jul 15 18:35:35 UTC 2026
// 重构日志: ea554871
// 重构日志: 3dd35962
// 重构日志: 89d8109d
// 同步 ID: 3d4d3d68 @ Thu Jul 16 19:29:51 UTC 2026
// 重构日志: 30040465
// 重构日志: 18dcba65
// 同步 ID: a0c5fb89 @ Fri Jul 17 16:02:22 UTC 2026
// 同步 ID: 4d35ca32 @ Sat Jul 18 00:28:06 UTC 2026
// 重构日志: 8ce412b3
// 重构日志: 8b0dd038
// 重构日志: f3497869
// 同步 ID: b6a8fdb5 @ Sat Jul 18 17:05:32 UTC 2026
// 重构日志: b1978056
// 重构日志: 44c16178
// 同步 ID: 2fecc450 @ Sun Jul 19 12:24:14 UTC 2026
// 重构日志: 80bea724
// 重构日志: 367c6e49
// 重构日志: 93b8318a
// 同步 ID: c9114825 @ Mon Jul 20 05:38:37 UTC 2026
// 重构日志: 3ccdb828
// 重构日志: 922f9193
// 重构日志: bf15a001
// 重构日志: a4bcd371
// 重构日志: 17885b29
// 重构日志: d4767c73
